<?xml version="1.0" encoding="UTF-8" ?>
<testsuite tests="1" failures="0" name="org.app.service.ejb.test.TestDataServiceEJB" time="6.196" errors="1" skipped="0">
  <properties>
[...]
</properties>
  <testcase classname="org.app.service.ejb.test.TestDataServiceEJB" name="test" time="6.196">
    <error message="EJBCLIENT000025: No EJB receiver available for handling [appName:, moduleName:SAM3, distinctName:] combination for invocation context org.jboss.ejb.client.EJBClientInvocationContext@69b794e2" type="java.lang.IllegalStateException">java.lang.IllegalStateException: EJBCLIENT000025: No EJB receiver available for handling [appName:, moduleName:SAM3, distinctName:] combination for invocation context org.jboss.ejb.client.EJBClientInvocationContext@69b794e2
	at org.jboss.ejb.client.EJBClientContext.requireEJBReceiver(EJBClientContext.java:749)
	at org.jboss.ejb.client.ReceiverInterceptor.handleInvocation(ReceiverInterceptor.java:116)
	at org.jboss.ejb.client.EJBClientInvocationContext.sendRequest(EJBClientInvocationContext.java:186)
	at org.jboss.ejb.client.EJBInvocationHandler.sendRequestWithPossibleRetries(EJBInvocationHandler.java:253)
	at org.jboss.ejb.client.EJBInvocationHandler.doInvoke(EJBInvocationHandler.java:198)
	at org.jboss.ejb.client.EJBInvocationHandler.doInvoke(EJBInvocationHandler.java:181)
	at org.jboss.ejb.client.EJBInvocationHandler.invoke(EJBInvocationHandler.java:144)
	at com.sun.proxy.$Proxy3.sayRest(Unknown Source)
	at org.app.service.ejb.test.TestDataServiceEJB.test(TestDataServiceEJB.java:22)
	at sun.reflect.NativeMethodAccessorImpl.invoke0(Native Method)
	at sun.reflect.NativeMethodAccessorImpl.invoke(Unknown Source)
	at sun.reflect.DelegatingMethodAccessorImpl.invoke(Unknown Source)
	at java.lang.reflect.Method.invoke(Unknown Source)
	at org.junit.runners.model.FrameworkMethod$1.runReflectiveCall(FrameworkMethod.java:47)
	at org.junit.internal.runners.model.ReflectiveCallable.run(ReflectiveCallable.java:12)
	at org.junit.runners.model.FrameworkMethod.invokeExplosively(FrameworkMethod.java:44)
	at org.junit.internal.runners.statements.InvokeMethod.evaluate(InvokeMethod.java:17)
	at org.junit.runners.ParentRunner.runLeaf(ParentRunner.java:271)
	at org.junit.runners.BlockJUnit4ClassRunner.runChild(BlockJUnit4ClassRunner.java:70)
	at org.junit.runners.BlockJUnit4ClassRunner.runChild(BlockJUnit4ClassRunner.java:50)
	at org.junit.runners.ParentRunner$3.run(ParentRunner.java:238)
	at org.junit.runners.ParentRunner$1.schedule(ParentRunner.java:63)
	at org.junit.runners.ParentRunner.runChildren(ParentRunner.java:236)
	at org.junit.runners.ParentRunner.access$000(ParentRunner.java:53)
	at org.junit.runners.ParentRunner$2.evaluate(ParentRunner.java:229)
	at org.junit.internal.runners.statements.RunBefores.evaluate(RunBefores.java:26)
	at org.junit.runners.ParentRunner.run(ParentRunner.java:309)
	at org.apache.maven.surefire.junit4.JUnit4Provider.execute(JUnit4Provider.java:252)
	at org.apache.maven.surefire.junit4.JUnit4Provider.executeTestSet(JUnit4Provider.java:141)
	at org.apache.maven.surefire.junit4.JUnit4Provider.invoke(JUnit4Provider.java:112)
	at sun.reflect.NativeMethodAccessorImpl.invoke0(Native Method)
	at sun.reflect.NativeMethodAccessorImpl.invoke(Unknown Source)
	at sun.reflect.DelegatingMethodAccessorImpl.invoke(Unknown Source)
	at java.lang.reflect.Method.invoke(Unknown Source)
	at org.apache.maven.surefire.util.ReflectionUtils.invokeMethodWithArray(ReflectionUtils.java:189)
	at org.apache.maven.surefire.booter.ProviderFactory$ProviderProxy.invoke(ProviderFactory.java:165)
	at org.apache.maven.surefire.booter.ProviderFactory.invokeProvider(ProviderFactory.java:85)
	at org.apache.maven.surefire.booter.ForkedBooter.runSuitesInProcess(ForkedBooter.java:115)
	at org.apache.maven.surefire.booter.ForkedBooter.main(ForkedBooter.java:75)
</error>
    <system-err>Mar 22, 2016 4:07:27 PM org.app.service.ejb.test.DataServiceEJBFactory lookupEJBService
INFO: !DEBUG: lookUpURL =  ejb:/SAM3//DataServiceEJB!org.app.service.ejb.DataService

Mar 22, 2016 4:07:27 PM org.jboss.ejb.client.EJBClient &lt;clinit&gt;
INFO: JBoss EJB Client version 2.0.1.Final
Mar 22, 2016 4:07:27 PM org.app.service.ejb.test.TestDataServiceEJB test
INFO: DEBUG: Junit TESTING ...
Mar 22, 2016 4:07:27 PM org.xnio.Xnio &lt;clinit&gt;
INFO: XNIO version 3.3.0.Final
Mar 22, 2016 4:07:27 PM org.xnio.nio.NioXnio &lt;clinit&gt;
INFO: XNIO NIO Implementation Version 3.3.0.Final
Mar 22, 2016 4:07:27 PM org.jboss.remoting3.EndpointImpl &lt;clinit&gt;
INFO: JBoss Remoting version 4.0.6.Final
Mar 22, 2016 4:07:28 PM org.jboss.ejb.client.remoting.VersionReceiver handleMessage
INFO: EJBCLIENT000017: Received server version 2 and marshalling strategies [river]
Mar 22, 2016 4:07:28 PM org.jboss.ejb.client.remoting.RemotingConnectionEJBReceiver associate
INFO: EJBCLIENT000013: Successful version handshake completed for receiver context EJBReceiverContext{clientContext=org.jboss.ejb.client.EJBClientContext@701fc37a, receiver=Remoting connection EJB receiver [connection=org.jboss.ejb.client.remoting.ConnectionPool$PooledConnection@4148db48,channel=jboss.ejb,nodename=desktop-rtia884]} on channel Channel ID efce21c2 (outbound) of Remoting connection 44eee188 to localhost/127.0.0.1:8080
Mar 22, 2016 4:07:33 PM org.jboss.ejb.client.remoting.RemotingConnectionEJBReceiver associate
INFO: EJBCLIENT000015: Initial module availability report for Remoting connection EJB receiver [connection=org.jboss.ejb.client.remoting.ConnectionPool$PooledConnection@4148db48,channel=jboss.ejb,nodename=desktop-rtia884] wasn&apos;t received during the receiver context association
</system-err>
  </testcase>
</testsuite>